{"content": {"suites": {"0": {"status": {"total_pass": 0, "total_skip": 0, "total_xpass": 0, "total_xfail": 0, "total_rerun": 0, "total_fail": 1, "total_error": 0}, "tests": {"0": {"status": "FAIL", "message": "   selenium.common.exceptions.NoSuchWindowException: Message: no such window: target window already closed\n   from unknown error: web view not found\n     (Session info: chrome=125.0.6422.142)\n   Stacktrace:\n   \tGetHandleVerifier [0x00007FF6FD7B1F52+60322]\n   \t(No symbol) [0x00007FF6FD72CEC9]\n   \t(No symbol) [0x00007FF6FD5E7EBA]\n   \t(No symbol) [0x00007FF6FD5BD5A5]\n   \t(No symbol) [0x00007FF6FD6636B7]\n   \t(No symbol) [0x00007FF6FD67B331]\n   \t(No symbol) [0x00007FF6FD65BFC3]\n   \t(No symbol) [0x00007FF6FD629617]\n   \t(No symbol) [0x00007FF6FD62A211]\n   \tGetHandleVerifier [0x00007FF6FDAC94AD+3301629]\n   \tGetHandleVerifier [0x00007FF6FDB136D3+3605283]\n   \tGetHandleVerifier [0x00007FF6FDB09450+3563680]\n   \tGetHandleVerifier [0x00007FF6FD864326+790390]\n   \t(No symbol) [0x00007FF6FD73750F]\n   \t(No symbol) [0x00007FF6FD733404]\n   \t(No symbol) [0x00007FF6FD733592]\n   \t(No symbol) [0x00007FF6FD722F9F]\n   \tBaseThreadInitThunk [0x00007FFA526F257D+29]\n   \tRtlUserThreadStart [0x00007FFA52F8AA48+40]\n", "test_name": "test_create_product_Success", "rerun": "0"}}, "suite_name": "src/Specs/test_create_product.py"}, "1": {"suite_name": "src/Specs/test_create_quotation.py", "tests": {"0": {"status": "FAIL", "message": "   selenium.common.exceptions.NoSuchWindowException: Message: no such window: target window already closed\n   from unknown error: web view not found\n     (Session info: chrome=125.0.6422.142)\n   Stacktrace:\n   \tGetHandleVerifier [0x00007FF6FD7B1F52+60322]\n   \t(No symbol) [0x00007FF6FD72CEC9]\n   \t(No symbol) [0x00007FF6FD5E7EBA]\n   \t(No symbol) [0x00007FF6FD5BD5A5]\n   \t(No symbol) [0x00007FF6FD6636B7]\n   \t(No symbol) [0x00007FF6FD67B331]\n   \t(No symbol) [0x00007FF6FD65BFC3]\n   \t(No symbol) [0x00007FF6FD629617]\n   \t(No symbol) [0x00007FF6FD62A211]\n   \tGetHandleVerifier [0x00007FF6FDAC94AD+3301629]\n   \tGetHandleVerifier [0x00007FF6FDB136D3+3605283]\n   \tGetHandleVerifier [0x00007FF6FDB09450+3563680]\n   \tGetHandleVerifier [0x00007FF6FD864326+790390]\n   \t(No symbol) [0x00007FF6FD73750F]\n   \t(No symbol) [0x00007FF6FD733404]\n   \t(No symbol) [0x00007FF6FD733592]\n   \t(No symbol) [0x00007FF6FD722F9F]\n   \tBaseThreadInitThunk [0x00007FFA526F257D+29]\n   \tRtlUserThreadStart [0x00007FFA52F8AA48+40]\n", "test_name": "test_create_quotation", "rerun": "0"}}, "status": {"total_pass": 0, "total_skip": 0, "total_xpass": 0, "total_xfail": 0, "total_rerun": 0, "total_fail": 1, "total_error": 0}}}}, "date": "June 12, 2024", "start_time": 1718158883.6919203, "total_suite": 2, "status": "FAIL", "status_list": {"pass": "0", "fail": "2", "skip": "0", "error": "0", "xpass": "0", "xfail": "0", "rerun": "0"}, "total_tests": "2"}