{"content": {"suites": {"0": {"status": {"total_pass": 0, "total_skip": 0, "total_xpass": 0, "total_xfail": 0, "total_rerun": 0, "total_fail": 4, "total_error": 0}, "tests": {"0": {"status": "FAIL", "message": "   selenium.common.exceptions.NoSuchWindowException: Message: no such window: target window already closed\n   from unknown error: web view not found\n     (Session info: chrome=125.0.6422.142)\n   Stacktrace:\n   \tGetHandleVerifier [0x00007FF65A7D1F52+60322]\n   \t(No symbol) [0x00007FF65A74CEC9]\n   \t(No symbol) [0x00007FF65A607EBA]\n   \t(No symbol) [0x00007FF65A5DD5A5]\n   \t(No symbol) [0x00007FF65A6836B7]\n   \t(No symbol) [0x00007FF65A69B331]\n   \t(No symbol) [0x00007FF65A67BFC3]\n   \t(No symbol) [0x00007FF65A649617]\n   \t(No symbol) [0x00007FF65A64A211]\n   \tGetHandleVerifier [0x00007FF65AAE94AD+3301629]\n   \tGetHandleVerifier [0x00007FF65AB336D3+3605283]\n   \tGetHandleVerifier [0x00007FF65AB29450+3563680]\n   \tGetHandleVerifier [0x00007FF65A884326+790390]\n   \t(No symbol) [0x00007FF65A75750F]\n   \t(No symbol) [0x00007FF65A753404]\n   \t(No symbol) [0x00007FF65A753592]\n   \t(No symbol) [0x00007FF65A742F9F]\n   \tBaseThreadInitThunk [0x00007FFA51EB257D+29]\n   \tRtlUserThreadStart [0x00007FFA53F0AF28+40]\n", "test_name": "test_login_role_admin_failed", "rerun": "0"}, "1": {"status": "FAIL", "message": "   AttributeError: 'NoneType' object has no attribute 'send_keys'\n", "test_name": "test_login_role_admin_success", "rerun": "0"}, "2": {"status": "FAIL", "message": "   AttributeError: 'NoneType' object has no attribute 'send_keys'\n", "test_name": "test_login_role_vendor_failed", "rerun": "0"}, "3": {"status": "FAIL", "message": "   selenium.common.exceptions.NoSuchWindowException: Message: no such window: target window already closed\n   from unknown error: web view not found\n     (Session info: chrome=125.0.6422.142)\n   Stacktrace:\n   \tGetHandleVerifier [0x00007FF65A7D1F52+60322]\n   \t(No symbol) [0x00007FF65A74CEC9]\n   \t(No symbol) [0x00007FF65A607EBA]\n   \t(No symbol) [0x00007FF65A5DD5A5]\n   \t(No symbol) [0x00007FF65A6836B7]\n   \t(No symbol) [0x00007FF65A69B331]\n   \t(No symbol) [0x00007FF65A67BFC3]\n   \t(No symbol) [0x00007FF65A649617]\n   \t(No symbol) [0x00007FF65A64A211]\n   \tGetHandleVerifier [0x00007FF65AAE94AD+3301629]\n   \tGetHandleVerifier [0x00007FF65AB336D3+3605283]\n   \tGetHandleVerifier [0x00007FF65AB29450+3563680]\n   \tGetHandleVerifier [0x00007FF65A884326+790390]\n   \t(No symbol) [0x00007FF65A75750F]\n   \t(No symbol) [0x00007FF65A753404]\n   \t(No symbol) [0x00007FF65A753592]\n   \t(No symbol) [0x00007FF65A742F9F]\n   \tBaseThreadInitThunk [0x00007FFA51EB257D+29]\n   \tRtlUserThreadStart [0x00007FFA53F0AF28+40]\n", "test_name": "test_login_role_vendor_success", "rerun": "0"}}, "suite_name": "src/SPECS/Test_login.py"}}}, "date": "June 17, 2024", "start_time": 1718599581.2662864, "total_suite": 1, "status": "FAIL", "status_list": {"pass": "0", "fail": "4", "skip": "0", "error": "0", "xpass": "0", "xfail": "0", "rerun": "0"}, "total_tests": "4"}