{"content": {"suites": {"0": {"status": {"total_pass": 6, "total_skip": 0, "total_xpass": 0, "total_xfail": 0, "total_rerun": 0, "total_fail": 2, "total_error": 0}, "tests": {"0": {"status": "FAIL", "message": "   selenium.common.exceptions.NoAlertPresentException: Message: no such alert\n     (Session info: chrome=125.0.6422.142)\n   Stacktrace:\n   \tGetHandleVerifier [0x00007FF65A7D1F52+60322]\n   \t(No symbol) [0x00007FF65A74CEC9]\n   \t(No symbol) [0x00007FF65A607CE9]\n   \t(No symbol) [0x00007FF65A5F7807]\n   \t(No symbol) [0x00007FF65A62B2EF]\n   \t(No symbol) [0x00007FF65A67C2CD]\n   \t(No symbol) [0x00007FF65A62B16B]\n   \t(No symbol) [0x00007FF65A67BFC3]\n   \t(No symbol) [0x00007FF65A649617]\n   \t(No symbol) [0x00007FF65A64A211]\n   \tGetHandleVerifier [0x00007FF65AAE94AD+3301629]\n   \tGetHandleVerifier [0x00007FF65AB336D3+3605283]\n   \tGetHandleVerifier [0x00007FF65AB29450+3563680]\n   \tGetHandleVerifier [0x00007FF65A884326+790390]\n   \t(No symbol) [0x00007FF65A75750F]\n   \t(No symbol) [0x00007FF65A753404]\n   \t(No symbol) [0x00007FF65A753592]\n   \t(No symbol) [0x00007FF65A742F9F]\n   \tBaseThreadInitThunk [0x00007FFA51EB257D+29]\n   \tRtlUserThreadStart [0x00007FFA53F0AF28+40]\n", "test_name": "test_File_Barcode_Type_Gift_Success", "rerun": "0"}, "1": {"status": "PASS", "message": "", "test_name": "test_File_Barcode_Type_Normal_Non_VAT_Success", "rerun": "0"}, "2": {"status": "PASS", "message": "", "test_name": "test_File_Barcode_Type_Normal_Success", "rerun": "0"}, "3": {"status": "PASS", "message": "", "test_name": "test_File_Barcode_Type_Tester_Success", "rerun": "0"}, "4": {"status": "FAIL", "message": "   selenium.common.exceptions.NoAlertPresentException: Message: no such alert\n     (Session info: chrome=125.0.6422.142)\n   Stacktrace:\n   \tGetHandleVerifier [0x00007FF65A7D1F52+60322]\n   \t(No symbol) [0x00007FF65A74CEC9]\n   \t(No symbol) [0x00007FF65A607CE9]\n   \t(No symbol) [0x00007FF65A5F7807]\n   \t(No symbol) [0x00007FF65A62B2EF]\n   \t(No symbol) [0x00007FF65A67C2CD]\n   \t(No symbol) [0x00007FF65A62B16B]\n   \t(No symbol) [0x00007FF65A67BFC3]\n   \t(No symbol) [0x00007FF65A649617]\n   \t(No symbol) [0x00007FF65A64A211]\n   \tGetHandleVerifier [0x00007FF65AAE94AD+3301629]\n   \tGetHandleVerifier [0x00007FF65AB336D3+3605283]\n   \tGetHandleVerifier [0x00007FF65AB29450+3563680]\n   \tGetHandleVerifier [0x00007FF65A884326+790390]\n   \t(No symbol) [0x00007FF65A75750F]\n   \t(No symbol) [0x00007FF65A753404]\n   \t(No symbol) [0x00007FF65A753592]\n   \t(No symbol) [0x00007FF65A742F9F]\n   \tBaseThreadInitThunk [0x00007FFA51EB257D+29]\n   \tRtlUserThreadStart [0x00007FFA53F0AF28+40]\n", "test_name": "test_File_Sku_Type_Gift_Success", "rerun": "0"}, "5": {"status": "PASS", "message": "", "test_name": "test_File_Sku_Type_Normal_Non_VAT_Success", "rerun": "0"}, "6": {"status": "PASS", "message": "", "test_name": "test_File_Sku_Type_Normal_Success", "rerun": "0"}, "7": {"status": "PASS", "message": "", "test_name": "test_File_Sku_Type_Tester_Success", "rerun": "0"}}, "suite_name": "src/SPECS/Script_Test_CreateQuotation/Test_create_quotation_xslx.py"}}}, "date": "June 18, 2024", "start_time": 1718700290.6995332, "total_suite": 1, "status": "FAIL", "status_list": {"pass": "6", "fail": "2", "skip": "0", "error": "0", "xpass": "0", "xfail": "0", "rerun": "0"}, "total_tests": "8"}