{"content": {"suites": {"0": {"status": {"total_pass": 1, "total_skip": 0, "total_xpass": 0, "total_xfail": 0, "total_rerun": 0, "total_fail": 0, "total_error": 0}, "tests": {"0": {"status": "PASS", "message": "", "test_name": "test_create_product_role_admin_Success", "rerun": "0"}}, "suite_name": "src/SPECS/Script_Test_CreateProduct/Test_Create_Product_Role_Admin.py"}, "1": {"suite_name": "src/SPECS/Script_Test_CreateProduct/Test_Create_Product_Role_Vendor.py", "tests": {"0": {"status": "FAIL", "message": "   selenium.common.exceptions.TimeoutException: Message:\n", "test_name": "test_create_product_role_vendor_Success", "rerun": "0"}}, "status": {"total_pass": 0, "total_skip": 0, "total_xpass": 0, "total_xfail": 0, "total_rerun": 0, "total_fail": 1, "total_error": 0}}, "2": {"suite_name": "src/SPECS/Script_Test_CreateQuotation/Test_create_quotation.py", "tests": {"0": {"status": "PASS", "message": "", "test_name": "test_create_quotation", "rerun": "0"}}, "status": {"total_pass": 1, "total_skip": 0, "total_xpass": 0, "total_xfail": 0, "total_rerun": 0, "total_fail": 0, "total_error": 0}}, "3": {"suite_name": "src/SPECS/Script_Test_CreateQuotation/Test_create_quotation_xslx.py", "tests": {"0": {"status": "PASS", "message": "", "test_name": "test_File_Barcode_Type_Gift_Success", "rerun": "0"}, "1": {"status": "PASS", "message": "", "test_name": "test_File_Barcode_Type_Normal_Non_VAT_Success", "rerun": "0"}, "2": {"status": "PASS", "message": "", "test_name": "test_File_Barcode_Type_Normal_Success", "rerun": "0"}, "3": {"status": "PASS", "message": "", "test_name": "test_File_Barcode_Type_Tester_Success", "rerun": "0"}, "4": {"status": "PASS", "message": "", "test_name": "test_File_Sku_Type_Gift_Success", "rerun": "0"}, "5": {"status": "PASS", "message": "", "test_name": "test_File_Sku_Type_Normal_Non_VAT_Success", "rerun": "0"}, "6": {"status": "PASS", "message": "", "test_name": "test_File_Sku_Type_Normal_Success", "rerun": "0"}, "7": {"status": "FAIL", "message": "   selenium.common.exceptions.TimeoutException: Message: \n   Stacktrace:\n   \tGetHandleVerifier [0x00007FF6EB6A81C2+13538]\n   \tMicrosoft::Applications::Events::EventProperty::~EventProperty [0x00007FF6EB631E79+595609]\n   \t(No symbol) [0x00007FF6EB44E6CF]\n   \t(No symbol) [0x00007FF6EB492960]\n   \t(No symbol) [0x00007FF6EB492A1F]\n   \t(No symbol) [0x00007FF6EB4CD627]\n   \t(No symbol) [0x00007FF6EB4B203F]\n   \t(No symbol) [0x00007FF6EB488147]\n   \t(No symbol) [0x00007FF6EB4CB1EE]\n   \t(No symbol) [0x00007FF6EB4B1C63]\n   \t(No symbol) [0x00007FF6EB48766E]\n   \t(No symbol) [0x00007FF6EB48683C]\n   \t(No symbol) [0x00007FF6EB487221]\n   \tMicrosoft::Applications::Events::EventProperty::to_string [0x00007FF6EB869764+1099860]\n   \tMicrosoft::Applications::Events::EventProperty::~EventProperty [0x00007FF6EB5AD8FC+53532]\n   \tMicrosoft::Applications::Events::EventProperty::~EventProperty [0x00007FF6EB5A0E25+1605]\n   \tMicrosoft::Applications::Events::EventProperty::to_string [0x00007FF6EB8686F5+1095653]\n   \tMicrosoft::Applications::Events::ILogConfiguration::operator* [0x00007FF6EB63C9F1+27777]\n   \tMicrosoft::Applications::Events::ILogConfiguration::operator* [0x00007FF6EB636D74+4100]\n   \tMicrosoft::Applications::Events::ILogConfiguration::operator* [0x00007FF6EB636EAB+4411]\n   \tMicrosoft::Applications::Events::EventProperty::~EventProperty [0x00007FF6EB62D030+575568]\n   \tBaseThreadInitThunk [0x00007FFB222C257D+29]\n   \tRtlUserThreadStart [0x00007FFB2388AF28+40]\n", "test_name": "test_File_Sku_Type_Tester_Success", "rerun": "0"}}, "status": {"total_pass": 7, "total_skip": 0, "total_xpass": 0, "total_xfail": 0, "total_rerun": 0, "total_fail": 1, "total_error": 0}}, "4": {"suite_name": "src/SPECS/Test_login.py", "tests": {"0": {"status": "PASS", "message": "", "test_name": "test_login_role_admin_failed", "rerun": "0"}, "1": {"status": "PASS", "message": "", "test_name": "test_login_role_admin_success", "rerun": "0"}, "2": {"status": "PASS", "message": "", "test_name": "test_login_role_vendor_failed", "rerun": "0"}, "3": {"status": "PASS", "message": "", "test_name": "test_login_role_vendor_success", "rerun": "0"}}, "status": {"total_pass": 4, "total_skip": 0, "total_xpass": 0, "total_xfail": 0, "total_rerun": 0, "total_fail": 0, "total_error": 0}}}}, "date": "June 20, 2024", "start_time": 1718858001.5320868, "total_suite": 5, "status": "FAIL", "status_list": {"pass": "13", "fail": "2", "skip": "0", "error": "0", "xpass": "0", "xfail": "0", "rerun": "0"}, "total_tests": "15"}