{"content": {"suites": {"0": {"status": {"total_pass": 0, "total_skip": 0, "total_xpass": 0, "total_xfail": 0, "total_rerun": 0, "total_fail": 1, "total_error": 0}, "tests": {"0": {"status": "FAIL", "message": "   selenium.common.exceptions.NoSuchWindowException: Message: no such window: target window already closed\n   from unknown error: web view not found\n     (Session info: chrome=125.0.6422.142)\n   Stacktrace:\n   \tGetHandleVerifier [0x00007FF7E5DD1F52+60322]\n   \t(No symbol) [0x00007FF7E5D4CEC9]\n   \t(No symbol) [0x00007FF7E5C07EBA]\n   \t(No symbol) [0x00007FF7E5BDD5A5]\n   \t(No symbol) [0x00007FF7E5C836B7]\n   \t(No symbol) [0x00007FF7E5C9B331]\n   \t(No symbol) [0x00007FF7E5C7BFC3]\n   \t(No symbol) [0x00007FF7E5C49617]\n   \t(No symbol) [0x00007FF7E5C4A211]\n   \tGetHandleVerifier [0x00007FF7E60E94AD+3301629]\n   \tGetHandleVerifier [0x00007FF7E61336D3+3605283]\n   \tGetHandleVerifier [0x00007FF7E6129450+3563680]\n   \tGetHandleVerifier [0x00007FF7E5E84326+790390]\n   \t(No symbol) [0x00007FF7E5D5750F]\n   \t(No symbol) [0x00007FF7E5D53404]\n   \t(No symbol) [0x00007FF7E5D53592]\n   \t(No symbol) [0x00007FF7E5D42F9F]\n   \tBaseThreadInitThunk [0x00007FFA526F257D+29]\n   \tRtlUserThreadStart [0x00007FFA52F8AA48+40]\n", "test_name": "test_create_product_Success", "rerun": "0"}}, "suite_name": "src/Specs/Test_Create_Product.py"}, "1": {"suite_name": "src/Specs/Test_create_quotation.py", "tests": {"0": {"status": "FAIL", "message": "   selenium.common.exceptions.NoSuchWindowException: Message: no such window: target window already closed\n   from unknown error: web view not found\n     (Session info: chrome=125.0.6422.142)\n   Stacktrace:\n   \tGetHandleVerifier [0x00007FF7E5DD1F52+60322]\n   \t(No symbol) [0x00007FF7E5D4CEC9]\n   \t(No symbol) [0x00007FF7E5C07EBA]\n   \t(No symbol) [0x00007FF7E5BDD5A5]\n   \t(No symbol) [0x00007FF7E5C836B7]\n   \t(No symbol) [0x00007FF7E5C9B331]\n   \t(No symbol) [0x00007FF7E5C7BFC3]\n   \t(No symbol) [0x00007FF7E5C49617]\n   \t(No symbol) [0x00007FF7E5C4A211]\n   \tGetHandleVerifier [0x00007FF7E60E94AD+3301629]\n   \tGetHandleVerifier [0x00007FF7E61336D3+3605283]\n   \tGetHandleVerifier [0x00007FF7E6129450+3563680]\n   \tGetHandleVerifier [0x00007FF7E5E84326+790390]\n   \t(No symbol) [0x00007FF7E5D5750F]\n   \t(No symbol) [0x00007FF7E5D53404]\n   \t(No symbol) [0x00007FF7E5D53592]\n   \t(No symbol) [0x00007FF7E5D42F9F]\n   \tBaseThreadInitThunk [0x00007FFA526F257D+29]\n   \tRtlUserThreadStart [0x00007FFA52F8AA48+40]\n", "test_name": "test_create_quotation", "rerun": "0"}}, "status": {"total_pass": 0, "total_skip": 0, "total_xpass": 0, "total_xfail": 0, "total_rerun": 0, "total_fail": 1, "total_error": 0}}, "2": {"suite_name": "src/Specs/Test_create_quotation_xslx.py", "tests": {"0": {"status": "PASS", "message": "", "test_name": "test_File_Barcode_Success", "rerun": "0"}, "1": {"status": "FAIL", "message": "   selenium.common.exceptions.NoSuchWindowException: Message: no such window: target window already closed\n   from unknown error: web view not found\n     (Session info: chrome=125.0.6422.142)\n   Stacktrace:\n   \tGetHandleVerifier [0x00007FF7E5DD1F52+60322]\n   \t(No symbol) [0x00007FF7E5D4CEC9]\n   \t(No symbol) [0x00007FF7E5C07EBA]\n   \t(No symbol) [0x00007FF7E5BDD5A5]\n   \t(No symbol) [0x00007FF7E5C836B7]\n   \t(No symbol) [0x00007FF7E5C9B331]\n   \t(No symbol) [0x00007FF7E5C7BFC3]\n   \t(No symbol) [0x00007FF7E5C49617]\n   \t(No symbol) [0x00007FF7E5C4A211]\n   \tGetHandleVerifier [0x00007FF7E60E94AD+3301629]\n   \tGetHandleVerifier [0x00007FF7E61336D3+3605283]\n   \tGetHandleVerifier [0x00007FF7E6129450+3563680]\n   \tGetHandleVerifier [0x00007FF7E5E84326+790390]\n   \t(No symbol) [0x00007FF7E5D5750F]\n   \t(No symbol) [0x00007FF7E5D53404]\n   \t(No symbol) [0x00007FF7E5D53592]\n   \t(No symbol) [0x00007FF7E5D42F9F]\n   \tBaseThreadInitThunk [0x00007FFA526F257D+29]\n   \tRtlUserThreadStart [0x00007FFA52F8AA48+40]\n", "test_name": "test_File_Sku_Success", "rerun": "0"}}, "status": {"total_pass": 1, "total_skip": 0, "total_xpass": 0, "total_xfail": 0, "total_rerun": 0, "total_fail": 1, "total_error": 0}}, "3": {"suite_name": "src/Specs/Test_login.py", "tests": {"0": {"status": "FAIL", "message": "   selenium.common.exceptions.WebDriverException: Message: disconnected: received Inspector.detached event\n     (failed to check if window was closed: disconnected: Unable to receive message from renderer)\n     (Session info: chrome=125.0.6422.142)\n   Stacktrace:\n   \tGetHandleVerifier [0x00007FF7E5DD1F52+60322]\n   \t(No symbol) [0x00007FF7E5D4CEC9]\n   \t(No symbol) [0x00007FF7E5C07EBA]\n   \t(No symbol) [0x00007FF7E5BF15EF]\n   \t(No symbol) [0x00007FF7E5BF0D17]\n   \t(No symbol) [0x00007FF7E5BF04D1]\n   \t(No symbol) [0x00007FF7E5BF0410]\n   \t(No symbol) [0x00007FF7E5BEF3CB]\n   \t(No symbol) [0x00007FF7E5C1584F]\n   \t(No symbol) [0x00007FF7E5C9BB5B]\n   \t(No symbol) [0x00007FF7E5C7BFC3]\n   \t(No symbol) [0x00007FF7E5C49617]\n   \t(No symbol) [0x00007FF7E5C4A211]\n   \tGetHandleVerifier [0x00007FF7E60E94AD+3301629]\n   \tGetHandleVerifier [0x00007FF7E61336D3+3605283]\n   \tGetHandleVerifier [0x00007FF7E6129450+3563680]\n   \tGetHandleVerifier [0x00007FF7E5E84326+790390]\n   \t(No symbol) [0x00007FF7E5D5750F]\n   \t(No symbol) [0x00007FF7E5D53404]\n   \t(No symbol) [0x00007FF7E5D53592]\n   \t(No symbol) [0x00007FF7E5D42F9F]\n   \tBaseThreadInitThunk [0x00007FFA526F257D+29]\n   \tRtlUserThreadStart [0x00007FFA52F8AA48+40]\n", "test_name": "test_sign_in", "rerun": "0"}}, "status": {"total_pass": 0, "total_skip": 0, "total_xpass": 0, "total_xfail": 0, "total_rerun": 0, "total_fail": 1, "total_error": 0}}}}, "date": "June 13, 2024", "start_time": 1718248338.5995884, "total_suite": 4, "status": "FAIL", "status_list": {"pass": "1", "fail": "4", "skip": "0", "error": "0", "xpass": "0", "xfail": "0", "rerun": "0"}, "total_tests": "5"}