{"content": {"suites": {"0": {"status": {"total_pass": 0, "total_skip": 0, "total_xpass": 0, "total_xfail": 0, "total_rerun": 0, "total_fail": 1, "total_error": 0}, "tests": {"0": {"status": "FAIL", "message": "   selenium.common.exceptions.InvalidArgumentException: Message: invalid argument: 'using' must be a string\n     (Session info: chrome=125.0.6422.142)\n   Stacktrace:\n   \tGetHandleVerifier [0x00007FF65A7D1F52+60322]\n   \t(No symbol) [0x00007FF65A74CEC9]\n   \t(No symbol) [0x00007FF65A607EBA]\n   \t(No symbol) [0x00007FF65A656CEE]\n   \t(No symbol) [0x00007FF65A65773C]\n   \t(No symbol) [0x00007FF65A69E967]\n   \t(No symbol) [0x00007FF65A67C25F]\n   \t(No symbol) [0x00007FF65A69BC80]\n   \t(No symbol) [0x00007FF65A67BFC3]\n   \t(No symbol) [0x00007FF65A649617]\n   \t(No symbol) [0x00007FF65A64A211]\n   \tGetHandleVerifier [0x00007FF65AAE94AD+3301629]\n   \tGetHandleVerifier [0x00007FF65AB336D3+3605283]\n   \tGetHandleVerifier [0x00007FF65AB29450+3563680]\n   \tGetHandleVerifier [0x00007FF65A884326+790390]\n   \t(No symbol) [0x00007FF65A75750F]\n   \t(No symbol) [0x00007FF65A753404]\n   \t(No symbol) [0x00007FF65A753592]\n   \t(No symbol) [0x00007FF65A742F9F]\n   \tBaseThreadInitThunk [0x00007FFA51EB257D+29]\n   \tRtlUserThreadStart [0x00007FFA53F0AF28+40]\n", "test_name": "test_create_product_role_admin_Success", "rerun": "0"}}, "suite_name": "src/SPECS/Script_Test_CreateProduct/Test_Create_Product_Role_Admin.py"}, "1": {"suite_name": "src/SPECS/Script_Test_CreateProduct/Test_Create_Product_Role_Vendor.py", "tests": {"0": {"status": "FAIL", "message": "   selenium.common.exceptions.InvalidArgumentException: Message: invalid argument: 'using' must be a string\n     (Session info: chrome=125.0.6422.142)\n   Stacktrace:\n   \tGetHandleVerifier [0x00007FF65A7D1F52+60322]\n   \t(No symbol) [0x00007FF65A74CEC9]\n   \t(No symbol) [0x00007FF65A607EBA]\n   \t(No symbol) [0x00007FF65A656CEE]\n   \t(No symbol) [0x00007FF65A65773C]\n   \t(No symbol) [0x00007FF65A69E967]\n   \t(No symbol) [0x00007FF65A67C25F]\n   \t(No symbol) [0x00007FF65A69BC80]\n   \t(No symbol) [0x00007FF65A67BFC3]\n   \t(No symbol) [0x00007FF65A649617]\n   \t(No symbol) [0x00007FF65A64A211]\n   \tGetHandleVerifier [0x00007FF65AAE94AD+3301629]\n   \tGetHandleVerifier [0x00007FF65AB336D3+3605283]\n   \tGetHandleVerifier [0x00007FF65AB29450+3563680]\n   \tGetHandleVerifier [0x00007FF65A884326+790390]\n   \t(No symbol) [0x00007FF65A75750F]\n   \t(No symbol) [0x00007FF65A753404]\n   \t(No symbol) [0x00007FF65A753592]\n   \t(No symbol) [0x00007FF65A742F9F]\n   \tBaseThreadInitThunk [0x00007FFA51EB257D+29]\n   \tRtlUserThreadStart [0x00007FFA53F0AF28+40]\n", "test_name": "test_create_product_role_vendor_Success", "rerun": "0"}}, "status": {"total_pass": 0, "total_skip": 0, "total_xpass": 0, "total_xfail": 0, "total_rerun": 0, "total_fail": 1, "total_error": 0}}, "2": {"suite_name": "src/SPECS/Script_Test_CreateQuotation/Test_create_quotation.py", "tests": {"0": {"status": "PASS", "message": "", "test_name": "test_create_quotation", "rerun": "0"}}, "status": {"total_pass": 1, "total_skip": 0, "total_xpass": 0, "total_xfail": 0, "total_rerun": 0, "total_fail": 0, "total_error": 0}}, "3": {"suite_name": "src/SPECS/Script_Test_CreateQuotation/Test_create_quotation_xslx.py", "tests": {"0": {"status": "PASS", "message": "", "test_name": "test_File_Barcode_Success", "rerun": "0"}, "1": {"status": "PASS", "message": "", "test_name": "test_File_Sku_Success", "rerun": "0"}}, "status": {"total_pass": 2, "total_skip": 0, "total_xpass": 0, "total_xfail": 0, "total_rerun": 0, "total_fail": 0, "total_error": 0}}, "4": {"suite_name": "src/SPECS/Test_login.py", "tests": {"0": {"status": "PASS", "message": "", "test_name": "test_login_role_admin_failed", "rerun": "0"}, "1": {"status": "PASS", "message": "", "test_name": "test_login_role_admin_success", "rerun": "0"}, "2": {"status": "PASS", "message": "", "test_name": "test_login_role_vendor_failed", "rerun": "0"}, "3": {"status": "PASS", "message": "", "test_name": "test_login_role_vendor_success", "rerun": "0"}}, "status": {"total_pass": 4, "total_skip": 0, "total_xpass": 0, "total_xfail": 0, "total_rerun": 0, "total_fail": 0, "total_error": 0}}}}, "date": "June 18, 2024", "start_time": 1718694912.2814088, "total_suite": 5, "status": "FAIL", "status_list": {"pass": "7", "fail": "2", "skip": "0", "error": "0", "xpass": "0", "xfail": "0", "rerun": "0"}, "total_tests": "9"}